<?xml version="1.0" encoding="UTF-8"?>
<!-- Generated by org.testng.reporters.JUnitReportReporter -->
<testsuite skipped="0" hostname="DESKTOP-4K3DOPB" name="com.testngrunner.TestngRunner" tests="1" failures="0" timestamp="18 Jan 2019 14:37:00 GMT" time="0.009" errors="0">
  <testcase name="feature" time="0.009" classname="com.testngrunner.TestngRunner"/>
</testsuite> <!-- com.testngrunner.TestngRunner -->
